2023-01-02 15:54:38 [ restartedMain:32 ] - [ WARN ] kafka.utils.Logging$class.warn(Logging.scala:83) Property fetch.message.max.bytes is not valid
2023-01-02 15:54:38 [ restartedMain:33 ] - [ WARN ] kafka.utils.Logging$class.warn(Logging.scala:83) Property message.max.bytes is not valid
2023-01-02 15:54:38 [ restartedMain:36 ] - [ WARN ] kafka.utils.Logging$class.warn(Logging.scala:83) Property replica.fetch.max.bytes is not valid
2023-01-02 15:54:38 [ restartedMain:37 ] - [ WARN ] kafka.utils.Logging$class.warn(Logging.scala:83) Property zk.connect is not valid
2023-01-02 15:54:38 [ restartedMain:96 ] - [ WARN ] kafka.utils.Logging$class.warn(Logging.scala:83) Property fetch.message.max.bytes is not valid
2023-01-02 15:54:38 [ restartedMain:97 ] - [ WARN ] kafka.utils.Logging$class.warn(Logging.scala:83) Property message.max.bytes is not valid
2023-01-02 15:54:38 [ restartedMain:99 ] - [ WARN ] kafka.utils.Logging$class.warn(Logging.scala:83) Property replica.fetch.max.bytes is not valid
2023-01-02 15:54:38 [ restartedMain:101 ] - [ WARN ] kafka.utils.Logging$class.warn(Logging.scala:83) Property zk.connect is not valid
2023-01-02 15:54:48 [ ufls-listen-ack:9464 ] - [ WARN ] kafka.utils.Logging$class.warn(Logging.scala:83) Property fetch.message.max.bytes is not valid
2023-01-02 15:54:48 [ ufls-listen-ack:9467 ] - [ WARN ] kafka.utils.Logging$class.warn(Logging.scala:83) Property message.max.bytes is not valid
2023-01-02 15:54:48 [ ufls-listen-ack:9468 ] - [ WARN ] kafka.utils.Logging$class.warn(Logging.scala:83) Property replica.fetch.max.bytes is not valid
2023-01-02 15:54:48 [ ufls-listen-ack:9468 ] - [ WARN ] kafka.utils.Logging$class.warn(Logging.scala:83) Property zk.connect is not valid
2023-01-02 15:54:48 [ Thread-43:9729 ] - [ WARN ] kafka.utils.Logging$class.warn(Logging.scala:83) Property message.max.bytes is not valid
2023-01-02 15:54:48 [ Thread-43:9729 ] - [ WARN ] kafka.utils.Logging$class.warn(Logging.scala:83) Property replica.fetch.max.bytes is not valid
2023-01-02 15:54:48 [ Thread-43:9962 ] - [ WARN ] kafka.utils.Logging$class.warn(Logging.scala:83) [UflsTransAck_DESKTOP-S224R35-1672646088366-2b0aff26], no brokers found when trying to rebalance.
2023-01-02 16:04:05 [ restartedMain:142 ] - [ WARN ] kafka.utils.Logging$class.warn(Logging.scala:83) Property fetch.message.max.bytes is not valid
2023-01-02 16:04:05 [ restartedMain:144 ] - [ WARN ] kafka.utils.Logging$class.warn(Logging.scala:83) Property message.max.bytes is not valid
2023-01-02 16:04:05 [ restartedMain:148 ] - [ WARN ] kafka.utils.Logging$class.warn(Logging.scala:83) Property replica.fetch.max.bytes is not valid
2023-01-02 16:04:05 [ restartedMain:150 ] - [ WARN ] kafka.utils.Logging$class.warn(Logging.scala:83) Property zk.connect is not valid
2023-01-02 16:04:05 [ restartedMain:444 ] - [ WARN ] kafka.utils.Logging$class.warn(Logging.scala:83) Property fetch.message.max.bytes is not valid
2023-01-02 16:04:05 [ restartedMain:445 ] - [ WARN ] kafka.utils.Logging$class.warn(Logging.scala:83) Property message.max.bytes is not valid
2023-01-02 16:04:05 [ restartedMain:448 ] - [ WARN ] kafka.utils.Logging$class.warn(Logging.scala:83) Property replica.fetch.max.bytes is not valid
2023-01-02 16:04:05 [ restartedMain:451 ] - [ WARN ] kafka.utils.Logging$class.warn(Logging.scala:83) Property zk.connect is not valid
2023-01-02 16:05:03 [ ufls-listen-ack:58863 ] - [ WARN ] kafka.utils.Logging$class.warn(Logging.scala:83) Property fetch.message.max.bytes is not valid
2023-01-02 16:05:04 [ ufls-listen-ack:59362 ] - [ WARN ] kafka.utils.Logging$class.warn(Logging.scala:83) Property message.max.bytes is not valid
2023-01-02 16:05:07 [ ufls-listen-ack:62751 ] - [ WARN ] kafka.utils.Logging$class.warn(Logging.scala:83) Property replica.fetch.max.bytes is not valid
2023-01-02 16:05:09 [ ufls-listen-ack:64176 ] - [ WARN ] kafka.utils.Logging$class.warn(Logging.scala:83) Property zk.connect is not valid
2023-01-02 16:05:57 [ Thread-57:112579 ] - [ WARN ] kafka.utils.Logging$class.warn(Logging.scala:83) Property message.max.bytes is not valid
2023-01-02 16:05:57 [ Thread-57:112580 ] - [ WARN ] kafka.utils.Logging$class.warn(Logging.scala:83) Property replica.fetch.max.bytes is not valid
2023-01-02 16:05:57 [ Thread-57:112892 ] - [ WARN ] kafka.utils.Logging$class.warn(Logging.scala:83) [UflsTransAck_DESKTOP-S224R35-1672646757486-6fed3954], no brokers found when trying to rebalance.
2023-01-02 16:06:13 [ restartedMain:127 ] - [ WARN ] kafka.utils.Logging$class.warn(Logging.scala:83) Property fetch.message.max.bytes is not valid
2023-01-02 16:06:13 [ restartedMain:128 ] - [ WARN ] kafka.utils.Logging$class.warn(Logging.scala:83) Property message.max.bytes is not valid
2023-01-02 16:06:13 [ restartedMain:132 ] - [ WARN ] kafka.utils.Logging$class.warn(Logging.scala:83) Property replica.fetch.max.bytes is not valid
2023-01-02 16:06:13 [ restartedMain:134 ] - [ WARN ] kafka.utils.Logging$class.warn(Logging.scala:83) Property zk.connect is not valid
2023-01-02 16:06:13 [ restartedMain:378 ] - [ WARN ] kafka.utils.Logging$class.warn(Logging.scala:83) Property fetch.message.max.bytes is not valid
2023-01-02 16:06:13 [ restartedMain:380 ] - [ WARN ] kafka.utils.Logging$class.warn(Logging.scala:83) Property message.max.bytes is not valid
2023-01-02 16:06:13 [ restartedMain:383 ] - [ WARN ] kafka.utils.Logging$class.warn(Logging.scala:83) Property replica.fetch.max.bytes is not valid
2023-01-02 16:06:13 [ restartedMain:385 ] - [ WARN ] kafka.utils.Logging$class.warn(Logging.scala:83) Property zk.connect is not valid
2023-01-02 16:13:55 [ ufls-listen-ack:462535 ] - [ WARN ] kafka.utils.Logging$class.warn(Logging.scala:83) Property fetch.message.max.bytes is not valid
2023-01-02 16:13:55 [ ufls-listen-ack:462537 ] - [ WARN ] kafka.utils.Logging$class.warn(Logging.scala:83) Property message.max.bytes is not valid
2023-01-02 16:13:55 [ ufls-listen-ack:462541 ] - [ WARN ] kafka.utils.Logging$class.warn(Logging.scala:83) Property replica.fetch.max.bytes is not valid
2023-01-02 16:13:55 [ ufls-listen-ack:462544 ] - [ WARN ] kafka.utils.Logging$class.warn(Logging.scala:83) Property zk.connect is not valid
2023-01-02 16:14:54 [ Thread-47:521383 ] - [ WARN ] kafka.utils.Logging$class.warn(Logging.scala:83) Property message.max.bytes is not valid
2023-01-02 16:14:54 [ Thread-47:521384 ] - [ WARN ] kafka.utils.Logging$class.warn(Logging.scala:83) Property replica.fetch.max.bytes is not valid
2023-01-02 16:14:55 [ Thread-47:521836 ] - [ WARN ] kafka.utils.Logging$class.warn(Logging.scala:83) [UflsTransAck_DESKTOP-S224R35-1672647294870-3eb2f6a0], no brokers found when trying to rebalance.
2023-01-02 16:17:00 [ restartedMain:63 ] - [ WARN ] kafka.utils.Logging$class.warn(Logging.scala:83) Property fetch.message.max.bytes is not valid
2023-01-02 16:17:00 [ restartedMain:63 ] - [ WARN ] kafka.utils.Logging$class.warn(Logging.scala:83) Property message.max.bytes is not valid
2023-01-02 16:17:00 [ restartedMain:65 ] - [ WARN ] kafka.utils.Logging$class.warn(Logging.scala:83) Property replica.fetch.max.bytes is not valid
2023-01-02 16:17:00 [ restartedMain:67 ] - [ WARN ] kafka.utils.Logging$class.warn(Logging.scala:83) Property zk.connect is not valid
2023-01-02 16:17:00 [ restartedMain:166 ] - [ WARN ] kafka.utils.Logging$class.warn(Logging.scala:83) Property fetch.message.max.bytes is not valid
2023-01-02 16:17:00 [ restartedMain:167 ] - [ WARN ] kafka.utils.Logging$class.warn(Logging.scala:83) Property message.max.bytes is not valid
2023-01-02 16:17:00 [ restartedMain:168 ] - [ WARN ] kafka.utils.Logging$class.warn(Logging.scala:83) Property replica.fetch.max.bytes is not valid
2023-01-02 16:17:00 [ restartedMain:169 ] - [ WARN ] kafka.utils.Logging$class.warn(Logging.scala:83) Property zk.connect is not valid
2023-01-02 16:17:07 [ ufls-listen-ack:7879 ] - [ WARN ] kafka.utils.Logging$class.warn(Logging.scala:83) Property fetch.message.max.bytes is not valid
2023-01-02 16:17:07 [ ufls-listen-ack:7880 ] - [ WARN ] kafka.utils.Logging$class.warn(Logging.scala:83) Property message.max.bytes is not valid
2023-01-02 16:17:07 [ ufls-listen-ack:7885 ] - [ WARN ] kafka.utils.Logging$class.warn(Logging.scala:83) Property replica.fetch.max.bytes is not valid
2023-01-02 16:17:07 [ ufls-listen-ack:7888 ] - [ WARN ] kafka.utils.Logging$class.warn(Logging.scala:83) Property zk.connect is not valid
2023-01-02 16:17:46 [ Thread-25:46819 ] - [ WARN ] kafka.utils.Logging$class.warn(Logging.scala:83) Property message.max.bytes is not valid
2023-01-02 16:17:46 [ Thread-25:46820 ] - [ WARN ] kafka.utils.Logging$class.warn(Logging.scala:83) Property replica.fetch.max.bytes is not valid
2023-01-02 16:17:47 [ Thread-25:47420 ] - [ WARN ] kafka.utils.Logging$class.warn(Logging.scala:83) [ied_kd_ack_DESKTOP-S224R35-1672647466818-4e27978c], no brokers found when trying to rebalance.
2023-01-02 16:18:35 [ ZkClient-EventThread-67-192.175.1.21:2181:96034 ] - [ WARN ] kafka.utils.Logging$class.warn(Logging.scala:83) [ied_kd_ack_DESKTOP-S224R35-1672647466818-4e27978c], no brokers found when trying to rebalance.
2023-01-02 16:18:35 [ ied_kd_ack_DESKTOP-S224R35-1672647466818-4e27978c_watcher_executor:96045 ] - [ WARN ] kafka.utils.Logging$class.warn(Logging.scala:83) [ied_kd_ack_DESKTOP-S224R35-1672647466818-4e27978c], no brokers found when trying to rebalance.
2023-01-02 16:18:49 [ restartedMain:63 ] - [ WARN ] kafka.utils.Logging$class.warn(Logging.scala:83) Property fetch.message.max.bytes is not valid
2023-01-02 16:18:49 [ restartedMain:64 ] - [ WARN ] kafka.utils.Logging$class.warn(Logging.scala:83) Property message.max.bytes is not valid
2023-01-02 16:18:49 [ restartedMain:66 ] - [ WARN ] kafka.utils.Logging$class.warn(Logging.scala:83) Property replica.fetch.max.bytes is not valid
2023-01-02 16:18:49 [ restartedMain:67 ] - [ WARN ] kafka.utils.Logging$class.warn(Logging.scala:83) Property zk.connect is not valid
2023-01-02 16:18:49 [ restartedMain:187 ] - [ WARN ] kafka.utils.Logging$class.warn(Logging.scala:83) Property fetch.message.max.bytes is not valid
2023-01-02 16:18:49 [ restartedMain:188 ] - [ WARN ] kafka.utils.Logging$class.warn(Logging.scala:83) Property message.max.bytes is not valid
2023-01-02 16:18:49 [ restartedMain:190 ] - [ WARN ] kafka.utils.Logging$class.warn(Logging.scala:83) Property replica.fetch.max.bytes is not valid
2023-01-02 16:18:49 [ restartedMain:191 ] - [ WARN ] kafka.utils.Logging$class.warn(Logging.scala:83) Property zk.connect is not valid
2023-01-02 16:18:55 [ ufls-listen-ack:6345 ] - [ WARN ] kafka.utils.Logging$class.warn(Logging.scala:83) Property fetch.message.max.bytes is not valid
2023-01-02 16:18:55 [ ufls-listen-ack:6347 ] - [ WARN ] kafka.utils.Logging$class.warn(Logging.scala:83) Property message.max.bytes is not valid
2023-01-02 16:18:55 [ ufls-listen-ack:6353 ] - [ WARN ] kafka.utils.Logging$class.warn(Logging.scala:83) Property replica.fetch.max.bytes is not valid
2023-01-02 16:18:55 [ ufls-listen-ack:6355 ] - [ WARN ] kafka.utils.Logging$class.warn(Logging.scala:83) Property zk.connect is not valid
2023-01-02 16:20:25 [ Thread-30:96717 ] - [ WARN ] kafka.utils.Logging$class.warn(Logging.scala:83) Property message.max.bytes is not valid
2023-01-02 16:20:25 [ Thread-30:96719 ] - [ WARN ] kafka.utils.Logging$class.warn(Logging.scala:83) Property replica.fetch.max.bytes is not valid
2023-01-02 16:20:26 [ Thread-30:97183 ] - [ WARN ] kafka.utils.Logging$class.warn(Logging.scala:83) [ied_kd_ack_DESKTOP-S224R35-1672647625752-bcea1fb1], no brokers found when trying to rebalance.
2023-01-02 16:23:59 [ ZkClient-EventThread-82-192.175.1.21:2181:310100 ] - [ WARN ] kafka.utils.Logging$class.warn(Logging.scala:83) [ied_kd_ack_DESKTOP-S224R35-1672647625752-bcea1fb1], no brokers found when trying to rebalance.
2023-01-02 16:23:59 [ ied_kd_ack_DESKTOP-S224R35-1672647625752-bcea1fb1_watcher_executor:310108 ] - [ WARN ] kafka.utils.Logging$class.warn(Logging.scala:83) [ied_kd_ack_DESKTOP-S224R35-1672647625752-bcea1fb1], no brokers found when trying to rebalance.
2023-01-02 16:23:59 [ ied_kd_ack_DESKTOP-S224R35-1672647625752-bcea1fb1_watcher_executor:310114 ] - [ WARN ] kafka.utils.Logging$class.warn(Logging.scala:83) [ied_kd_ack_DESKTOP-S224R35-1672647625752-bcea1fb1], no brokers found when trying to rebalance.
2023-01-02 16:24:41 [ restartedMain:89 ] - [ WARN ] kafka.utils.Logging$class.warn(Logging.scala:83) Property fetch.message.max.bytes is not valid
2023-01-02 16:24:41 [ restartedMain:90 ] - [ WARN ] kafka.utils.Logging$class.warn(Logging.scala:83) Property message.max.bytes is not valid
2023-01-02 16:24:41 [ restartedMain:92 ] - [ WARN ] kafka.utils.Logging$class.warn(Logging.scala:83) Property replica.fetch.max.bytes is not valid
2023-01-02 16:24:41 [ restartedMain:94 ] - [ WARN ] kafka.utils.Logging$class.warn(Logging.scala:83) Property zk.connect is not valid
2023-01-02 16:24:41 [ restartedMain:262 ] - [ WARN ] kafka.utils.Logging$class.warn(Logging.scala:83) Property fetch.message.max.bytes is not valid
2023-01-02 16:24:41 [ restartedMain:263 ] - [ WARN ] kafka.utils.Logging$class.warn(Logging.scala:83) Property message.max.bytes is not valid
2023-01-02 16:24:41 [ restartedMain:270 ] - [ WARN ] kafka.utils.Logging$class.warn(Logging.scala:83) Property replica.fetch.max.bytes is not valid
2023-01-02 16:24:41 [ restartedMain:273 ] - [ WARN ] kafka.utils.Logging$class.warn(Logging.scala:83) Property zk.connect is not valid
2023-01-02 16:24:45 [ ufls-listen-ack:4739 ] - [ WARN ] kafka.utils.Logging$class.warn(Logging.scala:83) Property fetch.message.max.bytes is not valid
2023-01-02 16:24:46 [ ufls-listen-ack:4740 ] - [ WARN ] kafka.utils.Logging$class.warn(Logging.scala:83) Property message.max.bytes is not valid
2023-01-02 16:24:46 [ ufls-listen-ack:4742 ] - [ WARN ] kafka.utils.Logging$class.warn(Logging.scala:83) Property replica.fetch.max.bytes is not valid
2023-01-02 16:24:46 [ ufls-listen-ack:4742 ] - [ WARN ] kafka.utils.Logging$class.warn(Logging.scala:83) Property zk.connect is not valid
2023-01-02 16:24:46 [ Thread-24:5086 ] - [ WARN ] kafka.utils.Logging$class.warn(Logging.scala:83) Property message.max.bytes is not valid
2023-01-02 16:24:46 [ Thread-24:5087 ] - [ WARN ] kafka.utils.Logging$class.warn(Logging.scala:83) Property replica.fetch.max.bytes is not valid
2023-01-02 16:24:47 [ Thread-24:5793 ] - [ WARN ] kafka.utils.Logging$class.warn(Logging.scala:83) [ied_kd_ack_DESKTOP-S224R35-1672647886401-d67563a2], no brokers found when trying to rebalance.
2023-01-02 16:26:57 [ restartedMain:36 ] - [ WARN ] kafka.utils.Logging$class.warn(Logging.scala:83) Property fetch.message.max.bytes is not valid
2023-01-02 16:26:57 [ restartedMain:36 ] - [ WARN ] kafka.utils.Logging$class.warn(Logging.scala:83) Property message.max.bytes is not valid
2023-01-02 16:26:57 [ restartedMain:39 ] - [ WARN ] kafka.utils.Logging$class.warn(Logging.scala:83) Property replica.fetch.max.bytes is not valid
2023-01-02 16:26:57 [ restartedMain:40 ] - [ WARN ] kafka.utils.Logging$class.warn(Logging.scala:83) Property zk.connect is not valid
2023-01-02 16:26:57 [ restartedMain:113 ] - [ WARN ] kafka.utils.Logging$class.warn(Logging.scala:83) Property fetch.message.max.bytes is not valid
2023-01-02 16:26:57 [ restartedMain:113 ] - [ WARN ] kafka.utils.Logging$class.warn(Logging.scala:83) Property message.max.bytes is not valid
2023-01-02 16:26:57 [ restartedMain:116 ] - [ WARN ] kafka.utils.Logging$class.warn(Logging.scala:83) Property replica.fetch.max.bytes is not valid
2023-01-02 16:26:57 [ restartedMain:117 ] - [ WARN ] kafka.utils.Logging$class.warn(Logging.scala:83) Property zk.connect is not valid
2023-01-02 16:26:58 [ ufls-listen-ack:649 ] - [ WARN ] kafka.utils.Logging$class.warn(Logging.scala:83) Property fetch.message.max.bytes is not valid
2023-01-02 16:26:58 [ ufls-listen-ack:650 ] - [ WARN ] kafka.utils.Logging$class.warn(Logging.scala:83) Property message.max.bytes is not valid
2023-01-02 16:26:58 [ ufls-listen-ack:652 ] - [ WARN ] kafka.utils.Logging$class.warn(Logging.scala:83) Property replica.fetch.max.bytes is not valid
2023-01-02 16:26:58 [ ufls-listen-ack:652 ] - [ WARN ] kafka.utils.Logging$class.warn(Logging.scala:83) Property zk.connect is not valid
2023-01-02 16:26:58 [ Thread-25:1089 ] - [ WARN ] kafka.utils.Logging$class.warn(Logging.scala:83) Property message.max.bytes is not valid
2023-01-02 16:26:58 [ Thread-25:1091 ] - [ WARN ] kafka.utils.Logging$class.warn(Logging.scala:83) Property replica.fetch.max.bytes is not valid
2023-01-02 16:26:59 [ Thread-25:1668 ] - [ WARN ] kafka.utils.Logging$class.warn(Logging.scala:83) [ied_kd_ack_DESKTOP-S224R35-1672648018915-dcd8d253], no brokers found when trying to rebalance.
2023-01-02 16:30:20 [ restartedMain:41 ] - [ WARN ] kafka.utils.Logging$class.warn(Logging.scala:83) Property fetch.message.max.bytes is not valid
2023-01-02 16:30:20 [ restartedMain:41 ] - [ WARN ] kafka.utils.Logging$class.warn(Logging.scala:83) Property message.max.bytes is not valid
2023-01-02 16:30:20 [ restartedMain:43 ] - [ WARN ] kafka.utils.Logging$class.warn(Logging.scala:83) Property replica.fetch.max.bytes is not valid
2023-01-02 16:30:20 [ restartedMain:43 ] - [ WARN ] kafka.utils.Logging$class.warn(Logging.scala:83) Property zk.connect is not valid
2023-01-02 16:30:20 [ restartedMain:97 ] - [ WARN ] kafka.utils.Logging$class.warn(Logging.scala:83) Property fetch.message.max.bytes is not valid
2023-01-02 16:30:20 [ restartedMain:98 ] - [ WARN ] kafka.utils.Logging$class.warn(Logging.scala:83) Property message.max.bytes is not valid
2023-01-02 16:30:20 [ restartedMain:99 ] - [ WARN ] kafka.utils.Logging$class.warn(Logging.scala:83) Property replica.fetch.max.bytes is not valid
2023-01-02 16:30:20 [ restartedMain:100 ] - [ WARN ] kafka.utils.Logging$class.warn(Logging.scala:83) Property zk.connect is not valid
2023-01-02 16:30:21 [ ufls-listen-ack:437 ] - [ WARN ] kafka.utils.Logging$class.warn(Logging.scala:83) Property fetch.message.max.bytes is not valid
2023-01-02 16:30:21 [ ufls-listen-ack:437 ] - [ WARN ] kafka.utils.Logging$class.warn(Logging.scala:83) Property message.max.bytes is not valid
2023-01-02 16:30:21 [ ufls-listen-ack:438 ] - [ WARN ] kafka.utils.Logging$class.warn(Logging.scala:83) Property replica.fetch.max.bytes is not valid
2023-01-02 16:30:21 [ ufls-listen-ack:439 ] - [ WARN ] kafka.utils.Logging$class.warn(Logging.scala:83) Property zk.connect is not valid
2023-01-02 16:30:21 [ Thread-18:724 ] - [ WARN ] kafka.utils.Logging$class.warn(Logging.scala:83) Property message.max.bytes is not valid
2023-01-02 16:30:21 [ Thread-18:725 ] - [ WARN ] kafka.utils.Logging$class.warn(Logging.scala:83) Property replica.fetch.max.bytes is not valid
2023-01-02 16:31:29 [ restartedMain:29 ] - [ WARN ] kafka.utils.Logging$class.warn(Logging.scala:83) Property fetch.message.max.bytes is not valid
2023-01-02 16:31:29 [ restartedMain:30 ] - [ WARN ] kafka.utils.Logging$class.warn(Logging.scala:83) Property message.max.bytes is not valid
2023-01-02 16:31:29 [ restartedMain:32 ] - [ WARN ] kafka.utils.Logging$class.warn(Logging.scala:83) Property replica.fetch.max.bytes is not valid
2023-01-02 16:31:29 [ restartedMain:33 ] - [ WARN ] kafka.utils.Logging$class.warn(Logging.scala:83) Property zk.connect is not valid
2023-01-02 16:31:29 [ restartedMain:83 ] - [ WARN ] kafka.utils.Logging$class.warn(Logging.scala:83) Property fetch.message.max.bytes is not valid
2023-01-02 16:31:29 [ restartedMain:83 ] - [ WARN ] kafka.utils.Logging$class.warn(Logging.scala:83) Property message.max.bytes is not valid
2023-01-02 16:31:29 [ restartedMain:85 ] - [ WARN ] kafka.utils.Logging$class.warn(Logging.scala:83) Property replica.fetch.max.bytes is not valid
2023-01-02 16:31:29 [ restartedMain:86 ] - [ WARN ] kafka.utils.Logging$class.warn(Logging.scala:83) Property zk.connect is not valid
2023-01-02 16:31:30 [ ufls-listen-ack:547 ] - [ WARN ] kafka.utils.Logging$class.warn(Logging.scala:83) Property fetch.message.max.bytes is not valid
2023-01-02 16:31:30 [ ufls-listen-ack:548 ] - [ WARN ] kafka.utils.Logging$class.warn(Logging.scala:83) Property message.max.bytes is not valid
2023-01-02 16:31:30 [ ufls-listen-ack:550 ] - [ WARN ] kafka.utils.Logging$class.warn(Logging.scala:83) Property replica.fetch.max.bytes is not valid
2023-01-02 16:31:30 [ ufls-listen-ack:551 ] - [ WARN ] kafka.utils.Logging$class.warn(Logging.scala:83) Property zk.connect is not valid
2023-01-02 16:31:30 [ Thread-24:911 ] - [ WARN ] kafka.utils.Logging$class.warn(Logging.scala:83) Property message.max.bytes is not valid
2023-01-02 16:31:30 [ Thread-24:912 ] - [ WARN ] kafka.utils.Logging$class.warn(Logging.scala:83) Property replica.fetch.max.bytes is not valid
2023-01-02 16:32:53 [ restartedMain:29 ] - [ WARN ] kafka.utils.Logging$class.warn(Logging.scala:83) Property fetch.message.max.bytes is not valid
2023-01-02 16:32:53 [ restartedMain:29 ] - [ WARN ] kafka.utils.Logging$class.warn(Logging.scala:83) Property message.max.bytes is not valid
2023-01-02 16:32:53 [ restartedMain:31 ] - [ WARN ] kafka.utils.Logging$class.warn(Logging.scala:83) Property replica.fetch.max.bytes is not valid
2023-01-02 16:32:53 [ restartedMain:33 ] - [ WARN ] kafka.utils.Logging$class.warn(Logging.scala:83) Property zk.connect is not valid
2023-01-02 16:32:53 [ restartedMain:83 ] - [ WARN ] kafka.utils.Logging$class.warn(Logging.scala:83) Property fetch.message.max.bytes is not valid
2023-01-02 16:32:53 [ restartedMain:84 ] - [ WARN ] kafka.utils.Logging$class.warn(Logging.scala:83) Property message.max.bytes is not valid
2023-01-02 16:32:53 [ restartedMain:86 ] - [ WARN ] kafka.utils.Logging$class.warn(Logging.scala:83) Property replica.fetch.max.bytes is not valid
2023-01-02 16:32:53 [ restartedMain:87 ] - [ WARN ] kafka.utils.Logging$class.warn(Logging.scala:83) Property zk.connect is not valid
2023-01-02 16:32:54 [ ufls-listen-ack:474 ] - [ WARN ] kafka.utils.Logging$class.warn(Logging.scala:83) Property fetch.message.max.bytes is not valid
2023-01-02 16:32:54 [ ufls-listen-ack:475 ] - [ WARN ] kafka.utils.Logging$class.warn(Logging.scala:83) Property message.max.bytes is not valid
2023-01-02 16:32:54 [ ufls-listen-ack:476 ] - [ WARN ] kafka.utils.Logging$class.warn(Logging.scala:83) Property replica.fetch.max.bytes is not valid
2023-01-02 16:32:54 [ ufls-listen-ack:477 ] - [ WARN ] kafka.utils.Logging$class.warn(Logging.scala:83) Property zk.connect is not valid
2023-01-02 16:32:54 [ Thread-24:826 ] - [ WARN ] kafka.utils.Logging$class.warn(Logging.scala:83) Property message.max.bytes is not valid
2023-01-02 16:32:54 [ Thread-24:827 ] - [ WARN ] kafka.utils.Logging$class.warn(Logging.scala:83) Property replica.fetch.max.bytes is not valid
2023-01-02 16:35:01 [ restartedMain:42 ] - [ WARN ] kafka.utils.Logging$class.warn(Logging.scala:83) Property fetch.message.max.bytes is not valid
2023-01-02 16:35:01 [ restartedMain:43 ] - [ WARN ] kafka.utils.Logging$class.warn(Logging.scala:83) Property message.max.bytes is not valid
2023-01-02 16:35:01 [ restartedMain:46 ] - [ WARN ] kafka.utils.Logging$class.warn(Logging.scala:83) Property replica.fetch.max.bytes is not valid
2023-01-02 16:35:01 [ restartedMain:47 ] - [ WARN ] kafka.utils.Logging$class.warn(Logging.scala:83) Property zk.connect is not valid
2023-01-02 16:35:01 [ restartedMain:117 ] - [ WARN ] kafka.utils.Logging$class.warn(Logging.scala:83) Property fetch.message.max.bytes is not valid
2023-01-02 16:35:01 [ restartedMain:118 ] - [ WARN ] kafka.utils.Logging$class.warn(Logging.scala:83) Property message.max.bytes is not valid
2023-01-02 16:35:01 [ restartedMain:120 ] - [ WARN ] kafka.utils.Logging$class.warn(Logging.scala:83) Property replica.fetch.max.bytes is not valid
2023-01-02 16:35:01 [ restartedMain:123 ] - [ WARN ] kafka.utils.Logging$class.warn(Logging.scala:83) Property zk.connect is not valid
2023-01-02 16:35:02 [ ufls-listen-ack:625 ] - [ WARN ] kafka.utils.Logging$class.warn(Logging.scala:83) Property fetch.message.max.bytes is not valid
2023-01-02 16:35:02 [ ufls-listen-ack:626 ] - [ WARN ] kafka.utils.Logging$class.warn(Logging.scala:83) Property message.max.bytes is not valid
2023-01-02 16:35:02 [ ufls-listen-ack:627 ] - [ WARN ] kafka.utils.Logging$class.warn(Logging.scala:83) Property replica.fetch.max.bytes is not valid
2023-01-02 16:35:02 [ ufls-listen-ack:628 ] - [ WARN ] kafka.utils.Logging$class.warn(Logging.scala:83) Property zk.connect is not valid
2023-01-02 16:35:02 [ Thread-25:1004 ] - [ WARN ] kafka.utils.Logging$class.warn(Logging.scala:83) Property message.max.bytes is not valid
2023-01-02 16:35:02 [ Thread-25:1005 ] - [ WARN ] kafka.utils.Logging$class.warn(Logging.scala:83) Property replica.fetch.max.bytes is not valid
2023-01-02 16:53:20 [ ied_kd_ack_DESKTOP-S224R35-1672648502484-33fc96d1_watcher_executor:1099176 ] - [ WARN ] kafka.utils.Logging$class.warn(Logging.scala:83) No broker partitions consumed by consumer thread ied_kd_ack_DESKTOP-S224R35-1672649600368-57882545-0 for topic test
2023-01-02 17:03:40 [ restartedMain:82 ] - [ WARN ] kafka.utils.Logging$class.warn(Logging.scala:83) Property fetch.message.max.bytes is not valid
2023-01-02 17:03:40 [ restartedMain:83 ] - [ WARN ] kafka.utils.Logging$class.warn(Logging.scala:83) Property message.max.bytes is not valid
2023-01-02 17:03:40 [ restartedMain:86 ] - [ WARN ] kafka.utils.Logging$class.warn(Logging.scala:83) Property replica.fetch.max.bytes is not valid
2023-01-02 17:03:40 [ restartedMain:87 ] - [ WARN ] kafka.utils.Logging$class.warn(Logging.scala:83) Property zk.connect is not valid
2023-01-02 17:03:40 [ restartedMain:258 ] - [ WARN ] kafka.utils.Logging$class.warn(Logging.scala:83) Property fetch.message.max.bytes is not valid
2023-01-02 17:03:40 [ restartedMain:259 ] - [ WARN ] kafka.utils.Logging$class.warn(Logging.scala:83) Property message.max.bytes is not valid
2023-01-02 17:03:40 [ restartedMain:261 ] - [ WARN ] kafka.utils.Logging$class.warn(Logging.scala:83) Property replica.fetch.max.bytes is not valid
2023-01-02 17:03:40 [ restartedMain:263 ] - [ WARN ] kafka.utils.Logging$class.warn(Logging.scala:83) Property zk.connect is not valid
2023-01-02 17:03:41 [ ufls-listen-ack:892 ] - [ WARN ] kafka.utils.Logging$class.warn(Logging.scala:83) Property fetch.message.max.bytes is not valid
2023-01-02 17:03:41 [ ufls-listen-ack:893 ] - [ WARN ] kafka.utils.Logging$class.warn(Logging.scala:83) Property message.max.bytes is not valid
2023-01-02 17:03:41 [ ufls-listen-ack:895 ] - [ WARN ] kafka.utils.Logging$class.warn(Logging.scala:83) Property replica.fetch.max.bytes is not valid
2023-01-02 17:03:41 [ ufls-listen-ack:896 ] - [ WARN ] kafka.utils.Logging$class.warn(Logging.scala:83) Property zk.connect is not valid
2023-01-02 17:03:41 [ Thread-30:1272 ] - [ WARN ] kafka.utils.Logging$class.warn(Logging.scala:83) Property message.max.bytes is not valid
2023-01-02 17:03:41 [ Thread-30:1273 ] - [ WARN ] kafka.utils.Logging$class.warn(Logging.scala:83) Property replica.fetch.max.bytes is not valid
2023-01-02 17:06:45 [ restartedMain:91 ] - [ WARN ] kafka.utils.Logging$class.warn(Logging.scala:83) Property fetch.message.max.bytes is not valid
2023-01-02 17:06:45 [ restartedMain:92 ] - [ WARN ] kafka.utils.Logging$class.warn(Logging.scala:83) Property message.max.bytes is not valid
2023-01-02 17:06:45 [ restartedMain:96 ] - [ WARN ] kafka.utils.Logging$class.warn(Logging.scala:83) Property replica.fetch.max.bytes is not valid
2023-01-02 17:06:45 [ restartedMain:97 ] - [ WARN ] kafka.utils.Logging$class.warn(Logging.scala:83) Property zk.connect is not valid
2023-01-02 17:06:45 [ restartedMain:281 ] - [ WARN ] kafka.utils.Logging$class.warn(Logging.scala:83) Property fetch.message.max.bytes is not valid
2023-01-02 17:06:45 [ restartedMain:282 ] - [ WARN ] kafka.utils.Logging$class.warn(Logging.scala:83) Property message.max.bytes is not valid
2023-01-02 17:06:45 [ restartedMain:286 ] - [ WARN ] kafka.utils.Logging$class.warn(Logging.scala:83) Property replica.fetch.max.bytes is not valid
2023-01-02 17:06:45 [ restartedMain:289 ] - [ WARN ] kafka.utils.Logging$class.warn(Logging.scala:83) Property zk.connect is not valid
2023-01-02 17:06:46 [ ufls-listen-ack:953 ] - [ WARN ] kafka.utils.Logging$class.warn(Logging.scala:83) Property fetch.message.max.bytes is not valid
2023-01-02 17:06:46 [ ufls-listen-ack:954 ] - [ WARN ] kafka.utils.Logging$class.warn(Logging.scala:83) Property message.max.bytes is not valid
2023-01-02 17:06:46 [ ufls-listen-ack:956 ] - [ WARN ] kafka.utils.Logging$class.warn(Logging.scala:83) Property replica.fetch.max.bytes is not valid
2023-01-02 17:06:46 [ ufls-listen-ack:958 ] - [ WARN ] kafka.utils.Logging$class.warn(Logging.scala:83) Property zk.connect is not valid
2023-01-02 17:06:46 [ Thread-30:1395 ] - [ WARN ] kafka.utils.Logging$class.warn(Logging.scala:83) Property message.max.bytes is not valid
2023-01-02 17:06:46 [ Thread-30:1396 ] - [ WARN ] kafka.utils.Logging$class.warn(Logging.scala:83) Property replica.fetch.max.bytes is not valid
2023-01-02 17:07:57 [ restartedMain:74 ] - [ WARN ] kafka.utils.Logging$class.warn(Logging.scala:83) Property fetch.message.max.bytes is not valid
2023-01-02 17:07:57 [ restartedMain:75 ] - [ WARN ] kafka.utils.Logging$class.warn(Logging.scala:83) Property message.max.bytes is not valid
2023-01-02 17:07:57 [ restartedMain:77 ] - [ WARN ] kafka.utils.Logging$class.warn(Logging.scala:83) Property replica.fetch.max.bytes is not valid
2023-01-02 17:07:57 [ restartedMain:79 ] - [ WARN ] kafka.utils.Logging$class.warn(Logging.scala:83) Property zk.connect is not valid
2023-01-02 17:07:57 [ restartedMain:226 ] - [ WARN ] kafka.utils.Logging$class.warn(Logging.scala:83) Property fetch.message.max.bytes is not valid
2023-01-02 17:07:57 [ restartedMain:227 ] - [ WARN ] kafka.utils.Logging$class.warn(Logging.scala:83) Property message.max.bytes is not valid
2023-01-02 17:07:57 [ restartedMain:233 ] - [ WARN ] kafka.utils.Logging$class.warn(Logging.scala:83) Property replica.fetch.max.bytes is not valid
2023-01-02 17:07:57 [ restartedMain:236 ] - [ WARN ] kafka.utils.Logging$class.warn(Logging.scala:83) Property zk.connect is not valid
2023-01-02 17:08:12 [ ufls-listen-ack:15253 ] - [ WARN ] kafka.utils.Logging$class.warn(Logging.scala:83) Property fetch.message.max.bytes is not valid
2023-01-02 17:08:12 [ ufls-listen-ack:15254 ] - [ WARN ] kafka.utils.Logging$class.warn(Logging.scala:83) Property message.max.bytes is not valid
2023-01-02 17:08:12 [ ufls-listen-ack:15258 ] - [ WARN ] kafka.utils.Logging$class.warn(Logging.scala:83) Property replica.fetch.max.bytes is not valid
2023-01-02 17:08:12 [ ufls-listen-ack:15260 ] - [ WARN ] kafka.utils.Logging$class.warn(Logging.scala:83) Property zk.connect is not valid
2023-01-02 17:08:59 [ Thread-36:62389 ] - [ WARN ] kafka.utils.Logging$class.warn(Logging.scala:83) Property message.max.bytes is not valid
2023-01-02 17:08:59 [ Thread-36:62390 ] - [ WARN ] kafka.utils.Logging$class.warn(Logging.scala:83) Property replica.fetch.max.bytes is not valid
2023-01-02 17:10:03 [ restartedMain:97 ] - [ WARN ] kafka.utils.Logging$class.warn(Logging.scala:83) Property fetch.message.max.bytes is not valid
2023-01-02 17:10:03 [ restartedMain:98 ] - [ WARN ] kafka.utils.Logging$class.warn(Logging.scala:83) Property message.max.bytes is not valid
2023-01-02 17:10:03 [ restartedMain:102 ] - [ WARN ] kafka.utils.Logging$class.warn(Logging.scala:83) Property replica.fetch.max.bytes is not valid
2023-01-02 17:10:03 [ restartedMain:105 ] - [ WARN ] kafka.utils.Logging$class.warn(Logging.scala:83) Property zk.connect is not valid
2023-01-02 17:10:03 [ restartedMain:452 ] - [ WARN ] kafka.utils.Logging$class.warn(Logging.scala:83) Property fetch.message.max.bytes is not valid
2023-01-02 17:10:03 [ restartedMain:453 ] - [ WARN ] kafka.utils.Logging$class.warn(Logging.scala:83) Property message.max.bytes is not valid
2023-01-02 17:10:03 [ restartedMain:458 ] - [ WARN ] kafka.utils.Logging$class.warn(Logging.scala:83) Property replica.fetch.max.bytes is not valid
2023-01-02 17:10:03 [ restartedMain:461 ] - [ WARN ] kafka.utils.Logging$class.warn(Logging.scala:83) Property zk.connect is not valid
2023-01-02 17:10:09 [ ufls-listen-ack:6415 ] - [ WARN ] kafka.utils.Logging$class.warn(Logging.scala:83) Property fetch.message.max.bytes is not valid
2023-01-02 17:10:09 [ ufls-listen-ack:6416 ] - [ WARN ] kafka.utils.Logging$class.warn(Logging.scala:83) Property message.max.bytes is not valid
2023-01-02 17:10:09 [ ufls-listen-ack:6417 ] - [ WARN ] kafka.utils.Logging$class.warn(Logging.scala:83) Property replica.fetch.max.bytes is not valid
2023-01-02 17:10:09 [ ufls-listen-ack:6418 ] - [ WARN ] kafka.utils.Logging$class.warn(Logging.scala:83) Property zk.connect is not valid
2023-01-02 17:11:10 [ Thread-23:66915 ] - [ WARN ] kafka.utils.Logging$class.warn(Logging.scala:83) Property message.max.bytes is not valid
2023-01-02 17:11:10 [ Thread-23:66916 ] - [ WARN ] kafka.utils.Logging$class.warn(Logging.scala:83) Property replica.fetch.max.bytes is not valid
2023-01-02 17:13:47 [ restartedMain:27 ] - [ WARN ] kafka.utils.Logging$class.warn(Logging.scala:83) Property fetch.message.max.bytes is not valid
2023-01-02 17:13:47 [ restartedMain:28 ] - [ WARN ] kafka.utils.Logging$class.warn(Logging.scala:83) Property message.max.bytes is not valid
2023-01-02 17:13:47 [ restartedMain:30 ] - [ WARN ] kafka.utils.Logging$class.warn(Logging.scala:83) Property replica.fetch.max.bytes is not valid
2023-01-02 17:13:47 [ restartedMain:31 ] - [ WARN ] kafka.utils.Logging$class.warn(Logging.scala:83) Property zk.connect is not valid
2023-01-02 17:13:47 [ restartedMain:80 ] - [ WARN ] kafka.utils.Logging$class.warn(Logging.scala:83) Property fetch.message.max.bytes is not valid
2023-01-02 17:13:47 [ restartedMain:81 ] - [ WARN ] kafka.utils.Logging$class.warn(Logging.scala:83) Property message.max.bytes is not valid
2023-01-02 17:13:47 [ restartedMain:83 ] - [ WARN ] kafka.utils.Logging$class.warn(Logging.scala:83) Property replica.fetch.max.bytes is not valid
2023-01-02 17:13:47 [ restartedMain:84 ] - [ WARN ] kafka.utils.Logging$class.warn(Logging.scala:83) Property zk.connect is not valid
2023-01-02 17:13:48 [ ufls-listen-ack:493 ] - [ WARN ] kafka.utils.Logging$class.warn(Logging.scala:83) Property fetch.message.max.bytes is not valid
2023-01-02 17:13:48 [ ufls-listen-ack:496 ] - [ WARN ] kafka.utils.Logging$class.warn(Logging.scala:83) Property message.max.bytes is not valid
2023-01-02 17:13:48 [ ufls-listen-ack:498 ] - [ WARN ] kafka.utils.Logging$class.warn(Logging.scala:83) Property replica.fetch.max.bytes is not valid
2023-01-02 17:13:48 [ ufls-listen-ack:499 ] - [ WARN ] kafka.utils.Logging$class.warn(Logging.scala:83) Property zk.connect is not valid
2023-01-02 17:13:48 [ Thread-23:853 ] - [ WARN ] kafka.utils.Logging$class.warn(Logging.scala:83) Property message.max.bytes is not valid
2023-01-02 17:13:48 [ Thread-23:854 ] - [ WARN ] kafka.utils.Logging$class.warn(Logging.scala:83) Property replica.fetch.max.bytes is not valid
2023-01-02 17:32:14 [ restartedMain:30 ] - [ WARN ] kafka.utils.Logging$class.warn(Logging.scala:83) Property fetch.message.max.bytes is not valid
2023-01-02 17:32:14 [ restartedMain:31 ] - [ WARN ] kafka.utils.Logging$class.warn(Logging.scala:83) Property message.max.bytes is not valid
2023-01-02 17:32:14 [ restartedMain:33 ] - [ WARN ] kafka.utils.Logging$class.warn(Logging.scala:83) Property replica.fetch.max.bytes is not valid
2023-01-02 17:32:14 [ restartedMain:34 ] - [ WARN ] kafka.utils.Logging$class.warn(Logging.scala:83) Property zk.connect is not valid
2023-01-02 17:32:14 [ restartedMain:86 ] - [ WARN ] kafka.utils.Logging$class.warn(Logging.scala:83) Property fetch.message.max.bytes is not valid
2023-01-02 17:32:14 [ restartedMain:87 ] - [ WARN ] kafka.utils.Logging$class.warn(Logging.scala:83) Property message.max.bytes is not valid
2023-01-02 17:32:14 [ restartedMain:88 ] - [ WARN ] kafka.utils.Logging$class.warn(Logging.scala:83) Property replica.fetch.max.bytes is not valid
2023-01-02 17:32:14 [ restartedMain:89 ] - [ WARN ] kafka.utils.Logging$class.warn(Logging.scala:83) Property zk.connect is not valid
2023-01-02 17:32:15 [ ufls-listen-ack:485 ] - [ WARN ] kafka.utils.Logging$class.warn(Logging.scala:83) Property fetch.message.max.bytes is not valid
2023-01-02 17:32:15 [ ufls-listen-ack:486 ] - [ WARN ] kafka.utils.Logging$class.warn(Logging.scala:83) Property message.max.bytes is not valid
2023-01-02 17:32:15 [ ufls-listen-ack:488 ] - [ WARN ] kafka.utils.Logging$class.warn(Logging.scala:83) Property replica.fetch.max.bytes is not valid
2023-01-02 17:32:15 [ ufls-listen-ack:488 ] - [ WARN ] kafka.utils.Logging$class.warn(Logging.scala:83) Property zk.connect is not valid
2023-01-02 17:32:15 [ Thread-21:809 ] - [ WARN ] kafka.utils.Logging$class.warn(Logging.scala:83) Property message.max.bytes is not valid
2023-01-02 17:32:15 [ Thread-21:809 ] - [ WARN ] kafka.utils.Logging$class.warn(Logging.scala:83) Property replica.fetch.max.bytes is not valid
2023-01-02 17:32:15 [ Thread-21:1224 ] - [ WARN ] kafka.utils.Logging$class.warn(Logging.scala:83) No broker partitions consumed by consumer thread ied_kd_ack_DESKTOP-S224R35-1672651935375-b9415a0c-0 for topic UflsTransAck
2023-01-02 17:35:41 [ restartedMain:24 ] - [ WARN ] kafka.utils.Logging$class.warn(Logging.scala:83) Property fetch.message.max.bytes is not valid
2023-01-02 17:35:41 [ restartedMain:24 ] - [ WARN ] kafka.utils.Logging$class.warn(Logging.scala:83) Property message.max.bytes is not valid
2023-01-02 17:35:41 [ restartedMain:26 ] - [ WARN ] kafka.utils.Logging$class.warn(Logging.scala:83) Property replica.fetch.max.bytes is not valid
2023-01-02 17:35:41 [ restartedMain:27 ] - [ WARN ] kafka.utils.Logging$class.warn(Logging.scala:83) Property zk.connect is not valid
2023-01-02 17:35:41 [ restartedMain:68 ] - [ WARN ] kafka.utils.Logging$class.warn(Logging.scala:83) Property fetch.message.max.bytes is not valid
2023-01-02 17:35:41 [ restartedMain:68 ] - [ WARN ] kafka.utils.Logging$class.warn(Logging.scala:83) Property message.max.bytes is not valid
2023-01-02 17:35:41 [ restartedMain:70 ] - [ WARN ] kafka.utils.Logging$class.warn(Logging.scala:83) Property replica.fetch.max.bytes is not valid
2023-01-02 17:35:41 [ restartedMain:71 ] - [ WARN ] kafka.utils.Logging$class.warn(Logging.scala:83) Property zk.connect is not valid
2023-01-02 17:35:42 [ ufls-listen-ack:427 ] - [ WARN ] kafka.utils.Logging$class.warn(Logging.scala:83) Property fetch.message.max.bytes is not valid
2023-01-02 17:35:42 [ ufls-listen-ack:427 ] - [ WARN ] kafka.utils.Logging$class.warn(Logging.scala:83) Property message.max.bytes is not valid
2023-01-02 17:35:42 [ ufls-listen-ack:428 ] - [ WARN ] kafka.utils.Logging$class.warn(Logging.scala:83) Property replica.fetch.max.bytes is not valid
2023-01-02 17:35:42 [ ufls-listen-ack:429 ] - [ WARN ] kafka.utils.Logging$class.warn(Logging.scala:83) Property zk.connect is not valid
2023-01-02 17:35:42 [ Thread-19:726 ] - [ WARN ] kafka.utils.Logging$class.warn(Logging.scala:83) Property message.max.bytes is not valid
2023-01-02 17:35:42 [ Thread-19:727 ] - [ WARN ] kafka.utils.Logging$class.warn(Logging.scala:83) Property replica.fetch.max.bytes is not valid
2023-01-02 17:38:43 [ restartedMain:30 ] - [ WARN ] kafka.utils.Logging$class.warn(Logging.scala:83) Property fetch.message.max.bytes is not valid
2023-01-02 17:38:43 [ restartedMain:31 ] - [ WARN ] kafka.utils.Logging$class.warn(Logging.scala:83) Property message.max.bytes is not valid
2023-01-02 17:38:43 [ restartedMain:33 ] - [ WARN ] kafka.utils.Logging$class.warn(Logging.scala:83) Property replica.fetch.max.bytes is not valid
2023-01-02 17:38:43 [ restartedMain:35 ] - [ WARN ] kafka.utils.Logging$class.warn(Logging.scala:83) Property zk.connect is not valid
2023-01-02 17:38:43 [ restartedMain:87 ] - [ WARN ] kafka.utils.Logging$class.warn(Logging.scala:83) Property fetch.message.max.bytes is not valid
2023-01-02 17:38:43 [ restartedMain:88 ] - [ WARN ] kafka.utils.Logging$class.warn(Logging.scala:83) Property message.max.bytes is not valid
2023-01-02 17:38:43 [ restartedMain:90 ] - [ WARN ] kafka.utils.Logging$class.warn(Logging.scala:83) Property replica.fetch.max.bytes is not valid
2023-01-02 17:38:43 [ restartedMain:91 ] - [ WARN ] kafka.utils.Logging$class.warn(Logging.scala:83) Property zk.connect is not valid
2023-01-02 17:38:43 [ ufls-listen-ack:496 ] - [ WARN ] kafka.utils.Logging$class.warn(Logging.scala:83) Property fetch.message.max.bytes is not valid
2023-01-02 17:38:43 [ ufls-listen-ack:497 ] - [ WARN ] kafka.utils.Logging$class.warn(Logging.scala:83) Property message.max.bytes is not valid
2023-01-02 17:38:43 [ ufls-listen-ack:499 ] - [ WARN ] kafka.utils.Logging$class.warn(Logging.scala:83) Property replica.fetch.max.bytes is not valid
2023-01-02 17:38:43 [ ufls-listen-ack:500 ] - [ WARN ] kafka.utils.Logging$class.warn(Logging.scala:83) Property zk.connect is not valid
2023-01-02 17:38:44 [ Thread-25:868 ] - [ WARN ] kafka.utils.Logging$class.warn(Logging.scala:83) Property message.max.bytes is not valid
2023-01-02 17:38:44 [ Thread-25:869 ] - [ WARN ] kafka.utils.Logging$class.warn(Logging.scala:83) Property replica.fetch.max.bytes is not valid
2023-01-02 17:39:38 [ restartedMain:25 ] - [ WARN ] kafka.utils.Logging$class.warn(Logging.scala:83) Property fetch.message.max.bytes is not valid
2023-01-02 17:39:38 [ restartedMain:25 ] - [ WARN ] kafka.utils.Logging$class.warn(Logging.scala:83) Property message.max.bytes is not valid
2023-01-02 17:39:38 [ restartedMain:27 ] - [ WARN ] kafka.utils.Logging$class.warn(Logging.scala:83) Property replica.fetch.max.bytes is not valid
2023-01-02 17:39:38 [ restartedMain:28 ] - [ WARN ] kafka.utils.Logging$class.warn(Logging.scala:83) Property zk.connect is not valid
2023-01-02 17:39:39 [ restartedMain:73 ] - [ WARN ] kafka.utils.Logging$class.warn(Logging.scala:83) Property fetch.message.max.bytes is not valid
2023-01-02 17:39:39 [ restartedMain:74 ] - [ WARN ] kafka.utils.Logging$class.warn(Logging.scala:83) Property message.max.bytes is not valid
2023-01-02 17:39:39 [ restartedMain:76 ] - [ WARN ] kafka.utils.Logging$class.warn(Logging.scala:83) Property replica.fetch.max.bytes is not valid
2023-01-02 17:39:39 [ restartedMain:77 ] - [ WARN ] kafka.utils.Logging$class.warn(Logging.scala:83) Property zk.connect is not valid
2023-01-02 17:39:39 [ ufls-listen-ack:410 ] - [ WARN ] kafka.utils.Logging$class.warn(Logging.scala:83) Property fetch.message.max.bytes is not valid
2023-01-02 17:39:39 [ ufls-listen-ack:411 ] - [ WARN ] kafka.utils.Logging$class.warn(Logging.scala:83) Property message.max.bytes is not valid
2023-01-02 17:39:39 [ ufls-listen-ack:412 ] - [ WARN ] kafka.utils.Logging$class.warn(Logging.scala:83) Property replica.fetch.max.bytes is not valid
2023-01-02 17:39:39 [ ufls-listen-ack:412 ] - [ WARN ] kafka.utils.Logging$class.warn(Logging.scala:83) Property zk.connect is not valid
2023-01-02 17:39:39 [ Thread-22:718 ] - [ WARN ] kafka.utils.Logging$class.warn(Logging.scala:83) Property message.max.bytes is not valid
2023-01-02 17:39:39 [ Thread-22:719 ] - [ WARN ] kafka.utils.Logging$class.warn(Logging.scala:83) Property replica.fetch.max.bytes is not valid
2023-01-02 17:40:38 [ restartedMain:45 ] - [ WARN ] kafka.utils.Logging$class.warn(Logging.scala:83) Property fetch.message.max.bytes is not valid
2023-01-02 17:40:38 [ restartedMain:46 ] - [ WARN ] kafka.utils.Logging$class.warn(Logging.scala:83) Property message.max.bytes is not valid
2023-01-02 17:40:38 [ restartedMain:50 ] - [ WARN ] kafka.utils.Logging$class.warn(Logging.scala:83) Property replica.fetch.max.bytes is not valid
2023-01-02 17:40:38 [ restartedMain:53 ] - [ WARN ] kafka.utils.Logging$class.warn(Logging.scala:83) Property zk.connect is not valid
2023-01-02 17:40:39 [ restartedMain:815 ] - [ WARN ] kafka.utils.Logging$class.warn(Logging.scala:83) Property fetch.message.max.bytes is not valid
2023-01-02 17:40:39 [ restartedMain:815 ] - [ WARN ] kafka.utils.Logging$class.warn(Logging.scala:83) Property message.max.bytes is not valid
2023-01-02 17:40:39 [ restartedMain:818 ] - [ WARN ] kafka.utils.Logging$class.warn(Logging.scala:83) Property replica.fetch.max.bytes is not valid
2023-01-02 17:40:39 [ restartedMain:820 ] - [ WARN ] kafka.utils.Logging$class.warn(Logging.scala:83) Property zk.connect is not valid
2023-01-02 17:40:40 [ ufls-listen-ack:1580 ] - [ WARN ] kafka.utils.Logging$class.warn(Logging.scala:83) Property fetch.message.max.bytes is not valid
2023-01-02 17:40:40 [ ufls-listen-ack:1582 ] - [ WARN ] kafka.utils.Logging$class.warn(Logging.scala:83) Property message.max.bytes is not valid
2023-01-02 17:40:40 [ ufls-listen-ack:1585 ] - [ WARN ] kafka.utils.Logging$class.warn(Logging.scala:83) Property replica.fetch.max.bytes is not valid
2023-01-02 17:40:40 [ ufls-listen-ack:1587 ] - [ WARN ] kafka.utils.Logging$class.warn(Logging.scala:83) Property zk.connect is not valid
2023-01-02 17:40:40 [ Thread-28:2042 ] - [ WARN ] kafka.utils.Logging$class.warn(Logging.scala:83) Property message.max.bytes is not valid
2023-01-02 17:40:40 [ Thread-28:2043 ] - [ WARN ] kafka.utils.Logging$class.warn(Logging.scala:83) Property replica.fetch.max.bytes is not valid
2023-01-02 17:42:57 [ restartedMain:32 ] - [ WARN ] kafka.utils.Logging$class.warn(Logging.scala:83) Property fetch.message.max.bytes is not valid
2023-01-02 17:42:57 [ restartedMain:32 ] - [ WARN ] kafka.utils.Logging$class.warn(Logging.scala:83) Property message.max.bytes is not valid
2023-01-02 17:42:57 [ restartedMain:34 ] - [ WARN ] kafka.utils.Logging$class.warn(Logging.scala:83) Property replica.fetch.max.bytes is not valid
2023-01-02 17:42:57 [ restartedMain:35 ] - [ WARN ] kafka.utils.Logging$class.warn(Logging.scala:83) Property zk.connect is not valid
2023-01-02 17:42:57 [ restartedMain:91 ] - [ WARN ] kafka.utils.Logging$class.warn(Logging.scala:83) Property fetch.message.max.bytes is not valid
2023-01-02 17:42:57 [ restartedMain:91 ] - [ WARN ] kafka.utils.Logging$class.warn(Logging.scala:83) Property message.max.bytes is not valid
2023-01-02 17:42:57 [ restartedMain:94 ] - [ WARN ] kafka.utils.Logging$class.warn(Logging.scala:83) Property replica.fetch.max.bytes is not valid
2023-01-02 17:42:57 [ restartedMain:95 ] - [ WARN ] kafka.utils.Logging$class.warn(Logging.scala:83) Property zk.connect is not valid
2023-01-02 17:42:58 [ ufls-listen-ack:500 ] - [ WARN ] kafka.utils.Logging$class.warn(Logging.scala:83) Property fetch.message.max.bytes is not valid
2023-01-02 17:42:58 [ ufls-listen-ack:501 ] - [ WARN ] kafka.utils.Logging$class.warn(Logging.scala:83) Property message.max.bytes is not valid
2023-01-02 17:42:58 [ ufls-listen-ack:503 ] - [ WARN ] kafka.utils.Logging$class.warn(Logging.scala:83) Property replica.fetch.max.bytes is not valid
2023-01-02 17:42:58 [ ufls-listen-ack:504 ] - [ WARN ] kafka.utils.Logging$class.warn(Logging.scala:83) Property zk.connect is not valid
2023-01-02 17:42:58 [ Thread-23:858 ] - [ WARN ] kafka.utils.Logging$class.warn(Logging.scala:83) Property message.max.bytes is not valid
2023-01-02 17:42:58 [ Thread-23:859 ] - [ WARN ] kafka.utils.Logging$class.warn(Logging.scala:83) Property replica.fetch.max.bytes is not valid
